::1 - - [11/Jun/2026 12:04:00] "GET /index.html HTTP/1.1" 200 -
::1 - - [11/Jun/2026 12:04:06] "GET /index.html HTTP/1.1" 200 -
::1 - - [11/Jun/2026 12:04:06] "GET /assets/css/style.css HTTP/1.1" 200 -
::1 - - [11/Jun/2026 12:04:06] "GET /assets/js/main.js HTTP/1.1" 200 -
::1 - - [11/Jun/2026 12:04:07] code 404, message File not found
::1 - - [11/Jun/2026 12:04:07] "GET /favicon.ico HTTP/1.1" 404 -
::1 - - [11/Jun/2026 12:04:30] "GET /about.html HTTP/1.1" 200 -
::1 - - [11/Jun/2026 12:05:00] "GET /reservation.html HTTP/1.1" 200 -
::1 - - [11/Jun/2026 12:05:00] "GET /assets/css/style.css HTTP/1.1" 304 -
::1 - - [11/Jun/2026 12:05:00] "GET /assets/js/main.js HTTP/1.1" 304 -
::1 - - [11/Jun/2026 12:05:10] "GET /index.html HTTP/1.1" 304 -
::1 - - [11/Jun/2026 12:07:02] "GET /index.html HTTP/1.1" 200 -
::1 - - [11/Jun/2026 12:07:02] "GET /assets/css/style.css HTTP/1.1" 200 -
::1 - - [11/Jun/2026 12:07:02] "GET /assets/js/main.js HTTP/1.1" 304 -
::1 - - [11/Jun/2026 12:09:23] "GET /index.html HTTP/1.1" 304 -
::1 - - [11/Jun/2026 12:09:23] "GET /assets/css/style.css HTTP/1.1" 200 -
::1 - - [11/Jun/2026 12:09:23] "GET /assets/js/main.js HTTP/1.1" 304 -
::1 - - [11/Jun/2026 12:11:58] "GET /about.html HTTP/1.1" 200 -
::1 - - [11/Jun/2026 12:11:58] "GET /assets/css/style.css HTTP/1.1" 304 -
::1 - - [11/Jun/2026 12:11:58] "GET /assets/js/main.js HTTP/1.1" 304 -
::1 - - [11/Jun/2026 12:15:53] "GET /menu.html HTTP/1.1" 200 -
::1 - - [11/Jun/2026 12:15:53] "GET /assets/css/style.css HTTP/1.1" 304 -
::1 - - [11/Jun/2026 12:15:53] "GET /assets/js/main.js HTTP/1.1" 304 -
::1 - - [11/Jun/2026 12:16:20] "GET /reservation.html HTTP/1.1" 200 -
::1 - - [11/Jun/2026 12:17:25] "GET /index.html HTTP/1.1" 304 -
::1 - - [11/Jun/2026 12:17:25] "GET /assets/css/style.css HTTP/1.1" 304 -
::1 - - [11/Jun/2026 12:18:36] "GET /index.html HTTP/1.1" 304 -
::1 - - [11/Jun/2026 12:18:36] "GET /assets/css/style.css HTTP/1.1" 200 -
::1 - - [11/Jun/2026 12:18:36] "GET /assets/js/main.js HTTP/1.1" 304 -
::1 - - [11/Jun/2026 12:22:31] "GET /index.html HTTP/1.1" 304 -
::1 - - [11/Jun/2026 12:22:31] "GET /assets/css/style.css HTTP/1.1" 304 -
::1 - - [11/Jun/2026 12:22:31] "GET /assets/js/main.js HTTP/1.1" 304 -
::1 - - [11/Jun/2026 12:26:03] "GET /index.html HTTP/1.1" 200 -
::1 - - [11/Jun/2026 12:26:03] "GET /assets/css/style.css HTTP/1.1" 200 -
::1 - - [11/Jun/2026 12:26:03] "GET /assets/js/main.js HTTP/1.1" 200 -
::1 - - [11/Jun/2026 12:26:03] code 404, message File not found
::1 - - [11/Jun/2026 12:26:03] "GET /favicon.ico HTTP/1.1" 404 -
::1 - - [11/Jun/2026 12:26:06] "GET /index.html HTTP/1.1" 304 -
::1 - - [11/Jun/2026 12:27:07] "GET /about.html HTTP/1.1" 200 -
::1 - - [11/Jun/2026 12:27:07] "GET /assets/css/style.css HTTP/1.1" 304 -
::1 - - [11/Jun/2026 12:27:26] "GET /menu.html HTTP/1.1" 200 -
::1 - - [11/Jun/2026 12:27:39] "GET /menudujour.html HTTP/1.1" 200 -
::1 - - [11/Jun/2026 12:27:51] "GET /contact.html HTTP/1.1" 200 -
::1 - - [11/Jun/2026 12:28:05] "GET /index.html HTTP/1.1" 304 -
::1 - - [11/Jun/2026 12:28:05] "GET /assets/css/style.css HTTP/1.1" 304 -
::1 - - [11/Jun/2026 12:28:06] "GET /reservation.html HTTP/1.1" 200 -
::1 - - [11/Jun/2026 12:49:11] "GET /index.html HTTP/1.1" 304 -
::1 - - [11/Jun/2026 12:49:12] "GET /assets/css/style.css HTTP/1.1" 304 -
::1 - - [11/Jun/2026 12:49:12] "GET /assets/js/main.js HTTP/1.1" 304 -
::1 - - [11/Jun/2026 12:49:40] "GET /about.html HTTP/1.1" 304 -
::1 - - [11/Jun/2026 12:49:49] "GET /menu.html HTTP/1.1" 304 -
::1 - - [11/Jun/2026 12:49:53] "GET /menudujour.html HTTP/1.1" 304 -
::1 - - [11/Jun/2026 12:49:54] "GET /contact.html HTTP/1.1" 304 -
::1 - - [11/Jun/2026 12:49:59] "GET /reservation.html HTTP/1.1" 304 -
::1 - - [12/Jun/2026 19:44:29] "GET /index.html HTTP/1.1" 304 -
::1 - - [12/Jun/2026 19:44:29] "GET /assets/css/style.css HTTP/1.1" 304 -
::1 - - [12/Jun/2026 19:44:29] "GET /assets/js/main.js HTTP/1.1" 304 -
::1 - - [12/Jun/2026 19:44:56] "GET /about.html HTTP/1.1" 304 -
::1 - - [12/Jun/2026 19:45:02] "GET /menu.html HTTP/1.1" 304 -
::1 - - [12/Jun/2026 19:45:07] "GET /menudujour.html HTTP/1.1" 304 -
::1 - - [12/Jun/2026 19:45:12] "GET /contact.html HTTP/1.1" 304 -
